<?xml version="1.0" encoding="UTF-8"?>
<!-- Generated by org.testng.reporters.JUnitXMLReporter -->
<testsuite ignored="0" hostname="DESKTOP-GSK8QF8" failures="0" tests="4" name="Default test" time="55.782" errors="0" timestamp="2020-11-20T14:17:46 GMT">
  <testcase classname="com.test.newtest" name="halfebaypage" time="0.862"/>
  <testcase classname="com.test.newtest" name="halfebaypage" time="0.921"/>
  <testcase classname="com.test.newtest" name="halfebaypage" time="0.799"/>
  <testcase classname="com.test.newtest" name="halfebaypage" time="0.784"/>
</testsuite> <!-- Default test -->
